<?xml version="1.0" encoding="UTF-8"?>
<!-- Generated by org.testng.reporters.JUnitXMLReporter -->
<testsuite hostname="DESKTOP-1GCINBS" ignored="0" name="Default test" tests="3" failures="0" timestamp="16 Mar 2020 13:49:33 GMT" time="0.051" errors="0">
  <testcase name="@BeforeClass SetUp" time="0.011" classname="newTestCases.getRequest">
    <failure type="java.lang.NullPointerException">
      <![CDATA[java.lang.NullPointerException
at newTestCases.getRequest.SetUp(getRequest.java:56)
at sun.reflect.NativeMethodAccessorImpl.invoke0(Native Method)
at sun.reflect.NativeMethodAccessorImpl.invoke(Unknown Source)
at sun.reflect.DelegatingMethodAccessorImpl.invoke(Unknown Source)
at java.lang.reflect.Method.invoke(Unknown Source)
at org.testng.internal.MethodInvocationHelper.invokeMethod(MethodInvocationHelper.java:124)
at org.testng.internal.MethodInvocationHelper.invokeMethodConsideringTimeout(MethodInvocationHelper.java:59)
at org.testng.internal.Invoker.invokeConfigurationMethod(Invoker.java:455)
at org.testng.internal.Invoker.invokeConfigurations(Invoker.java:222)
at org.testng.internal.Invoker.invokeConfigurations(Invoker.java:142)
at org.testng.internal.TestMethodWorker.invokeBeforeClassMethods(TestMethodWorker.java:168)
at org.testng.internal.TestMethodWorker.run(TestMethodWorker.java:105)
at org.testng.TestRunner.privateRun(TestRunner.java:648)
at org.testng.TestRunner.run(TestRunner.java:505)
at org.testng.SuiteRunner.runTest(SuiteRunner.java:455)
at org.testng.SuiteRunner.runSequentially(SuiteRunner.java:450)
at org.testng.SuiteRunner.privateRun(SuiteRunner.java:415)
at org.testng.SuiteRunner.run(SuiteRunner.java:364)
at org.testng.SuiteRunnerWorker.runSuite(SuiteRunnerWorker.java:52)
at org.testng.SuiteRunnerWorker.run(SuiteRunnerWorker.java:84)
at org.testng.TestNG.runSuitesSequentially(TestNG.java:1208)
at org.testng.TestNG.runSuitesLocally(TestNG.java:1137)
at org.testng.TestNG.runSuites(TestNG.java:1049)
at org.testng.TestNG.run(TestNG.java:1017)
at org.testng.remote.AbstractRemoteTestNG.run(AbstractRemoteTestNG.java:114)
at org.testng.remote.RemoteTestNG.initAndRun(RemoteTestNG.java:251)
at org.testng.remote.RemoteTestNG.main(RemoteTestNG.java:77)
]]>
    </failure>
  </testcase> <!-- @BeforeClass SetUp -->
  <testcase name="@BeforeMethod ForResult" time="0.0" classname="newTestCases.getRequest">
    <skipped/>
  </testcase> <!-- @BeforeMethod ForResult -->
  <testcase name="@AfterMethod CheckResult" time="0.0" classname="newTestCases.getRequest">
    <skipped/>
  </testcase> <!-- @AfterMethod CheckResult -->
  <testcase name="@BeforeMethod ForResult" time="0.0" classname="newTestCases.getRequest">
    <skipped/>
  </testcase> <!-- @BeforeMethod ForResult -->
  <testcase name="@AfterMethod CheckResult" time="0.0" classname="newTestCases.getRequest">
    <skipped/>
  </testcase> <!-- @AfterMethod CheckResult -->
  <testcase name="@BeforeMethod ForResult" time="0.0" classname="newTestCases.getRequest">
    <skipped/>
  </testcase> <!-- @BeforeMethod ForResult -->
  <testcase name="@AfterMethod CheckResult" time="0.0" classname="newTestCases.getRequest">
    <skipped/>
  </testcase> <!-- @AfterMethod CheckResult -->
  <testcase name="getOkRequest" time="0.0" classname="newTestCases.getRequest">
    <skipped/>
  </testcase> <!-- getOkRequest -->
  <testcase name="schemaValidation" time="0.0" classname="newTestCases.getRequest">
    <skipped/>
  </testcase> <!-- schemaValidation -->
  <testcase name="xpathValidation" time="0.0" classname="newTestCases.getRequest">
    <skipped/>
  </testcase> <!-- xpathValidation -->
</testsuite> <!-- Default test -->
