<?xml version="1.0" encoding="UTF-8"?>
<!-- Generated by org.testng.reporters.JUnitXMLReporter -->
<testsuite hostname="DESKTOP-1GCINBS" ignored="0" name="Login and register test cases for sanity" tests="3" failures="0" timestamp="16 Mar 2020 14:33:50 GMT" time="2.909" errors="0">
  <testcase name="getOkRequest" time="1.906" classname="newTestCases.getRequest"/>
  <testcase name="schemaValidation" time="0.491" classname="newTestCases.getRequest"/>
  <testcase name="xpathValidation" time="0.47" classname="newTestCases.getRequest"/>
</testsuite> <!-- Login and register test cases for sanity -->
