<?xml version="1.0" encoding="UTF-8"?>
<!-- Generated by org.testng.reporters.JUnitXMLReporter -->
<testsuite hostname="DESKTOP-1GCINBS" ignored="0" name="Login and register test cases for sanity" tests="3" failures="1" timestamp="16 Mar 2020 15:37:53 GMT" time="3.832" errors="0">
  <testcase name="getOkRequest" time="2.622" classname="TestCases.getRequest"/>
  <testcase name="schemaValidation" time="0.36" classname="TestCases.getRequest">
    <failure type="java.nio.file.NoSuchFileException" message="\src\main\java\Resources\test.json">
      <![CDATA[java.nio.file.NoSuchFileException: \src\main\java\Resources\test.json
at sun.nio.fs.WindowsException.translateToIOException(Unknown Source)
at sun.nio.fs.WindowsException.rethrowAsIOException(Unknown Source)
at sun.nio.fs.WindowsException.rethrowAsIOException(Unknown Source)
at sun.nio.fs.WindowsFileSystemProvider.newByteChannel(Unknown Source)
at java.nio.file.Files.newByteChannel(Unknown Source)
at java.nio.file.Files.newByteChannel(Unknown Source)
at java.nio.file.Files.readAllBytes(Unknown Source)
at TestCases.getRequest.schemaValidation(getRequest.java:93)
... Removed 25 stack frames]]>
    </failure>
  </testcase> <!-- schemaValidation -->
  <testcase name="xpathValidation" time="0.78" classname="TestCases.getRequest"/>
</testsuite> <!-- Login and register test cases for sanity -->
