<?xml version="1.0" encoding="UTF-8"?>
<!-- Generated by org.testng.reporters.JUnitXMLReporter -->
<testsuite hostname="DESKTOP-1GCINBS" ignored="0" name="test cases for sanity" tests="3" failures="0" timestamp="16 Mar 2020 16:36:47 GMT" time="2.77" errors="0">
  <testcase name="getOkRequest" time="1.659" classname="TestCases.getRequest"/>
  <testcase name="schemaValidation" time="0.481" classname="TestCases.getRequest"/>
  <testcase name="xpathValidation" time="0.582" classname="TestCases.getRequest"/>
</testsuite> <!-- test cases for sanity -->
