<?xml version="1.0" encoding="UTF-8"?>
<!-- Generated by org.testng.reporters.JUnitXMLReporter -->
<testsuite hostname="DESKTOP-1GCINBS" ignored="2" name="test cases for sanity(failed)" tests="1" failures="0" timestamp="16 Mar 2020 16:21:22 GMT" time="0.083" errors="0">
  <testcase name="@BeforeClass SetUp" time="0.033" classname="TestCases.getRequest">
    <failure type="java.lang.NullPointerException">
      <![CDATA[java.lang.NullPointerException
at TestCases.getRequest.SetUp(getRequest.java:43)
... Removed 26 stack frames]]>
    </failure>
  </testcase> <!-- @BeforeClass SetUp -->
  <testcase name="@BeforeMethod ForResult" time="0.0" classname="TestCases.getRequest">
    <skipped/>
  </testcase> <!-- @BeforeMethod ForResult -->
  <testcase name="@AfterMethod CheckResult" time="0.0" classname="TestCases.getRequest">
    <skipped/>
  </testcase> <!-- @AfterMethod CheckResult -->
  <testcase name="schemaValidation" time="0.0" classname="TestCases.getRequest">
    <skipped/>
  </testcase> <!-- schemaValidation -->
  <testcase name="xpathValidation" time="0.0" classname="TestCases.getRequest">
    <ignored/>
  </testcase> <!-- xpathValidation -->
  <testcase name="getOkRequest" time="0.0" classname="TestCases.getRequest">
    <ignored/>
  </testcase> <!-- getOkRequest -->
</testsuite> <!-- test cases for sanity(failed) -->
